<?xml version="1.0" encoding="UTF-8"?>
<testsuite xmlns:xsi="http://www.w3.org/2001/XMLSchema-instance" xsi:noNamespaceSchemaLocation="https://maven.apache.org/surefire/maven-surefire-plugin/xsd/surefire-test-report.xsd" name="ru.leti.TransitiveReductionsTest" time="0.026" tests="6" errors="0" skipped="0" failures="0">
  <properties>
    <property name="java.specification.version" value="18"/>
    <property name="sun.cpu.isalist" value="amd64"/>
    <property name="sun.jnu.encoding" value="Cp1252"/>
    <property name="java.class.path" value="E:\Repository\etu\graphs\wise-task-algorithms-2024\Timchenko_team\transitivereductions\target\test-classes;E:\Repository\etu\graphs\wise-task-algorithms-2024\Timchenko_team\transitivereductions\target\classes;E:\Repository\etu\graphs\wise-task-algorithms-2024\math-system-1_0-SNAPSHOT.jar;C:\Users\aever\.m2\repository\junit\junit\4.11\junit-4.11.jar;C:\Users\aever\.m2\repository\org\hamcrest\hamcrest-core\1.3\hamcrest-core-1.3.jar;"/>
    <property name="java.vm.vendor" value="Oracle Corporation"/>
    <property name="sun.arch.data.model" value="64"/>
    <property name="user.variant" value=""/>
    <property name="java.vendor.url" value="https://java.oracle.com/"/>
    <property name="user.timezone" value="Europe/Moscow"/>
    <property name="os.name" value="Windows 10"/>
    <property name="java.vm.specification.version" value="18"/>
    <property name="sun.java.launcher" value="SUN_STANDARD"/>
    <property name="user.country" value="US"/>
    <property name="sun.boot.library.path" value="C:\Program Files\Java\jdk-18.0.2\bin"/>
    <property name="sun.java.command" value="C:\Temp\surefire13012262848928079236\surefirebooter14527290995677511274.jar C:\temp\surefire13012262848928079236 2024-05-26T22-22-44_515-jvmRun1 surefire3968269467780815159tmp surefire_02326942385597902561tmp"/>
    <property name="jdk.debug" value="release"/>
    <property name="surefire.test.class.path" value="E:\Repository\etu\graphs\wise-task-algorithms-2024\Timchenko_team\transitivereductions\target\test-classes;E:\Repository\etu\graphs\wise-task-algorithms-2024\Timchenko_team\transitivereductions\target\classes;E:\Repository\etu\graphs\wise-task-algorithms-2024\math-system-1_0-SNAPSHOT.jar;C:\Users\aever\.m2\repository\junit\junit\4.11\junit-4.11.jar;C:\Users\aever\.m2\repository\org\hamcrest\hamcrest-core\1.3\hamcrest-core-1.3.jar;"/>
    <property name="sun.cpu.endian" value="little"/>
    <property name="user.home" value="C:\Users\aever"/>
    <property name="user.language" value="en"/>
    <property name="java.specification.vendor" value="Oracle Corporation"/>
    <property name="java.version.date" value="2022-07-19"/>
    <property name="java.home" value="C:\Program Files\Java\jdk-18.0.2"/>
    <property name="file.separator" value="\"/>
    <property name="basedir" value="E:\Repository\etu\graphs\wise-task-algorithms-2024\Timchenko_team\transitivereductions"/>
    <property name="java.vm.compressedOopsMode" value="Zero based"/>
    <property name="line.separator" value="&#10;"/>
    <property name="java.vm.specification.vendor" value="Oracle Corporation"/>
    <property name="java.specification.name" value="Java Platform API Specification"/>
    <property name="surefire.real.class.path" value="C:\Temp\surefire13012262848928079236\surefirebooter14527290995677511274.jar"/>
    <property name="user.script" value=""/>
    <property name="sun.management.compiler" value="HotSpot 64-Bit Tiered Compilers"/>
    <property name="java.runtime.version" value="18.0.2+9-61"/>
    <property name="user.name" value="aeverless"/>
    <property name="path.separator" value=";"/>
    <property name="os.version" value="10.0"/>
    <property name="java.runtime.name" value="OpenJDK Runtime Environment"/>
    <property name="file.encoding" value="UTF-8"/>
    <property name="java.vm.name" value="OpenJDK 64-Bit Server VM"/>
    <property name="localRepository" value="C:\Users\aever\.m2\repository"/>
    <property name="java.vendor.url.bug" value="https://bugreport.java.com/bugreport/"/>
    <property name="java.io.tmpdir" value="C:\Temp\"/>
    <property name="java.version" value="18.0.2"/>
    <property name="user.dir" value="E:\Repository\etu\graphs\wise-task-algorithms-2024\Timchenko_team\transitivereductions"/>
    <property name="os.arch" value="amd64"/>
    <property name="java.vm.specification.name" value="Java Virtual Machine Specification"/>
    <property name="sun.os.patch.level" value=""/>
    <property name="native.encoding" value="Cp1252"/>
    <property name="java.library.path" value="C:\Program Files\Java\jdk-18.0.2\bin;C:\windows\Sun\Java\bin;C:\windows\system32;C:\windows;C:\Program Files\WindowsApps\Microsoft.PowerShellPreview_7.5.2.0_x64__8wekyb3d8bbwe;C:\Program Files\Go\bin;C:\Program Files\WindowsApps\Microsoft.PowerShellPreview_7.5.2.0_x64__8wekyb3d8bbwe;C:\Program Files\Go\bin;C:\Python312\Scripts\;C:\Python312\;C:\Program Files (x86)\VMware\VMware Workstation\bin\;C:\Program Files (x86)\Common Files\Intel\Shared Libraries\redist\intel64_win\compiler;C:\Program Files (x86)\Common Files\Intel\Shared Libraries\redist\intel64\compiler;C:\Windows\system32;C:\Windows;C:\Windows\System32\Wbem;C:\Windows\System32\WindowsPowerShell\v1.0\;C:\Windows\System32\OpenSSH\;C:\Program Files\NVIDIA Corporation\NVIDIA NvDLISR;C:\ProgramData\chocolatey\bin;C:\Program Files (x86)\NVIDIA Corporation\PhysX\Common;C:\Program Files\Microsoft SQL Server\130\Tools\Binn\;C:\WINDOWS\system32;C:\WINDOWS;C:\WINDOWS\System32\Wbem;C:\WINDOWS\System32\WindowsPowerShell\v1.0\;C:\WINDOWS\System32\OpenSSH\;C:\gradle\bin;C:\Program Files\WorldPainter;%[disabled]C:\Users\aever\AppData\Roaming\.minecraft\ffmpeg\bin%;C:\Program Files (x86)\Certbot\bin;C:\Program Files\dotnet\;C:\Program Files\Git\cmd;C:\msys64\mingw64\bin;C:\Program Files\Airshipper\;C:\Program Files\gsudo\Current;C:\Program Files\Docker\Docker\resources\bin;C:\Program Files\Go\bin;C:\Program Files\nodejs\;C:\Program Files\CMake\bin;C;C:\Program Files (x86)\Windows Kits\10\Windows Performance Toolkit\;C:\Program Files\doxygen\bin;C:\Users\aever\AppData\Local\Programs\Python\Python311\Scripts\;C:\Users\aever\AppData\Local\Programs\Python\Python311\;D:\Archive\utils;C:\Users\aever\go\bin;C:\Users\aever\.cargo\bin;C:\Users\aever\.dotnet\tools;C:\Users\aever\AppData\Local\Yarn\bin;C:\Users\aever\AppData\Local\Microsoft\WindowsApps;C:\Users\aever\AppData\Local\atom\bin;C:\Users\aever\AppData\Local\Keybase\;C:\Users\aever\AppData\Local\Microsoft\WindowsApps;C:\Users\aever\AppData\Local\Programs\Microsoft VS Code\bin;C:\Program Files (x86)\GitHub CLI\;C:\Program Files\MongoDB\Server\4.2\bin;C:\Users\aever\AppData\Local\Programs\Microsoft VS Code\bin;C:\ProgramData\ninja;C:\Users\aever\AppData\Local\Programs\Hyper\resources\bin;C:\msys64\mingw64\bin;C:\sw;C:\Users\aever\AppData\Local\cabal\bin;C:\tools\ghc-9.2.2\bin;D:\Archive\Software\OtherSoftware\ffmpeg\bin;c:\android\flutter\cache\dart-sdk\bin;c:\android\flutter\bin;c:\android\flutter\bin\cache\dart-sdk\bin;C:\Users\aever\AppData\Local\Pub\Cache\bin;C:\android\sdk\platform-tools;C:\Users\aever\AppData\Local\Programs\Hyper\resources\bin;C:\Users\aever\AppData\Local\Programs\Microsoft VS Code\bin;C:\maven\bin;C:\Program Files\Java\jdk-18.0.2\bin;C:\Users\aever\AppData\Local\JetBrains\Toolbox\scripts;C:\Users\aever\AppData\Local\Programs\Julia-1.8.2\bin;C:\Users\aever\.dotnet\tools;C:\steamcmd;C:\Users\aever\AppData\Local\bin\NASM;C:\Users\aever\go\bin;C:\haskell\ghcup\bin;C:\Users\aever\AppData\Roaming\npm;;."/>
    <property name="java.vm.info" value="mixed mode, sharing"/>
    <property name="java.vendor" value="Oracle Corporation"/>
    <property name="java.vm.version" value="18.0.2+9-61"/>
    <property name="sun.io.unicode.encoding" value="UnicodeLittle"/>
    <property name="java.class.version" value="62.0"/>
  </properties>
  <testcase name="minimal_spanning_tree" classname="ru.leti.TransitiveReductionsTest" time="0.01"/>
  <testcase name="fully_connected_graph" classname="ru.leti.TransitiveReductionsTest" time="0"/>
  <testcase name="partially_connected_graph" classname="ru.leti.TransitiveReductionsTest" time="0.001"/>
  <testcase name="cyclic_graph" classname="ru.leti.TransitiveReductionsTest" time="0.001"/>
  <testcase name="triangular_graph" classname="ru.leti.TransitiveReductionsTest" time="0"/>
  <testcase name="linear_graph" classname="ru.leti.TransitiveReductionsTest" time="0.001"/>
</testsuite>